<?xml version="1.0" encoding="UTF-8"?>
<testsuite xmlns:xsi="http://www.w3.org/2001/XMLSchema-instance" xsi:noNamespaceSchemaLocation="https://maven.apache.org/surefire/maven-surefire-plugin/xsd/surefire-test-report-3.0.xsd" version="3.0" name="ru.spbu.apcyb.svp.tasks.MainTest" time="0.01" tests="3" errors="0" skipped="0" failures="0">
  <properties>
[...]
</properties>
  <testcase name="main_prints_expected_output_for_example_4_2_1" classname="ru.spbu.apcyb.svp.tasks.MainTest" time="0.004"/>
  <testcase name="main_with_empty_input_prints_nothing" classname="ru.spbu.apcyb.svp.tasks.MainTest" time="0.001"/>
  <testcase name="main_with_no_solution_prints_zero_only" classname="ru.spbu.apcyb.svp.tasks.MainTest" time="0.002"/>
</testsuite>